TN:
SF:src\components\icons\alert.tsx
FN:1,SvgComponent
FNF:1
FNH:0
FNDA:0,SvgComponent
DA:1,1
DA:2,0
DA:3,0
DA:4,0
DA:5,0
DA:6,0
DA:7,0
DA:8,0
DA:9,0
DA:10,0
DA:11,0
DA:12,1
DA:13,1
DA:14,1
LF:14
LH:4
BRF:0
BRH:0
end_of_record
TN:
SF:src\components\icons\chevron-down.tsx
FN:1,SvgComponent
FNF:1
FNH:0
FNDA:0,SvgComponent
DA:1,1
DA:2,0
DA:3,0
DA:4,0
DA:5,0
DA:6,0
DA:7,0
DA:8,0
DA:9,0
DA:10,0
DA:11,0
DA:12,0
DA:13,1
DA:14,1
DA:15,1
LF:15
LH:4
BRF:0
BRH:0
end_of_record
TN:
SF:src\components\icons\chevron-left.tsx
FN:1,SvgComponent
FNF:1
FNH:1
FNDA:7,SvgComponent
DA:1,1
DA:2,7
DA:3,7
DA:4,7
DA:5,7
DA:6,7
DA:7,7
DA:8,7
DA:9,7
DA:10,7
DA:11,7
DA:12,1
DA:13,1
DA:14,1
LF:14
LH:14
BRDA:1,0,0,7
BRF:1
BRH:1
end_of_record
TN:
SF:src\components\icons\chevron-right.tsx
FN:1,SvgComponent
FNF:1
FNH:1
FNDA:7,SvgComponent
DA:1,1
DA:2,7
DA:3,7
DA:4,7
DA:5,7
DA:6,7
DA:7,7
DA:8,7
DA:9,7
DA:10,7
DA:11,7
DA:12,1
DA:13,1
DA:14,1
LF:14
LH:14
BRDA:1,0,0,7
BRF:1
BRH:1
end_of_record
TN:
SF:src\components\icons\chevron-up.tsx
FN:1,SvgComponent
FNF:1
FNH:0
FNDA:0,SvgComponent
DA:1,1
DA:2,0
DA:3,0
DA:4,0
DA:5,0
DA:6,0
DA:7,0
DA:8,0
DA:9,0
DA:10,0
DA:11,0
DA:12,1
DA:13,1
DA:14,1
LF:14
LH:4
BRF:0
BRH:0
end_of_record
TN:
SF:src\components\icons\close.tsx
FN:1,SvgComponent
FNF:1
FNH:1
FNDA:7,SvgComponent
DA:1,1
DA:2,7
DA:3,7
DA:4,7
DA:5,7
DA:6,7
DA:7,7
DA:8,7
DA:9,7
DA:10,7
DA:11,7
DA:12,1
DA:13,1
DA:14,1
LF:14
LH:14
BRDA:1,0,0,7
BRF:1
BRH:1
end_of_record
TN:
SF:src\components\icons\default-screen.tsx
FN:1,SvgComponent
FNF:1
FNH:0
FNDA:0,SvgComponent
DA:1,1
DA:2,0
DA:3,0
DA:4,0
DA:5,0
DA:6,0
DA:7,0
DA:8,0
DA:9,0
DA:10,0
DA:11,0
DA:12,0
DA:13,0
DA:14,1
DA:15,1
DA:16,1
LF:16
LH:4
BRF:0
BRH:0
end_of_record
TN:
SF:src\components\icons\full-screen.tsx
FN:1,SvgComponent
FNF:1
FNH:0
FNDA:0,SvgComponent
DA:1,1
DA:2,0
DA:3,0
DA:4,0
DA:5,0
DA:6,0
DA:7,0
DA:8,0
DA:9,0
DA:10,0
DA:11,0
DA:12,0
DA:13,1
DA:14,1
DA:15,1
LF:15
LH:4
BRF:0
BRH:0
end_of_record
TN:
SF:src\components\icons\index.ts
FNF:0
FNH:0
DA:1,1
DA:2,1
DA:3,1
DA:4,1
DA:5,1
DA:6,1
DA:7,1
DA:8,1
DA:9,1
DA:10,1
DA:11,1
DA:12,1
DA:13,1
DA:14,1
LF:14
LH:14
BRF:0
BRH:0
end_of_record
TN:
SF:src\components\icons\maximize.tsx
FN:1,SvgComponent
FNF:1
FNH:0
FNDA:0,SvgComponent
DA:1,1
DA:2,0
DA:3,0
DA:4,0
DA:5,0
DA:6,0
DA:7,0
DA:8,0
DA:9,0
DA:10,0
DA:11,0
DA:12,1
DA:13,1
DA:14,1
LF:14
LH:4
BRF:0
BRH:0
end_of_record
TN:
SF:src\components\icons\minimize.tsx
FN:1,SvgComponent
FNF:1
FNH:0
FNDA:0,SvgComponent
DA:1,1
DA:2,0
DA:3,0
DA:4,0
DA:5,0
DA:6,0
DA:7,0
DA:8,0
DA:9,0
DA:10,0
DA:11,0
DA:12,1
DA:13,1
DA:14,1
LF:14
LH:4
BRF:0
BRH:0
end_of_record
TN:
SF:src\components\icons\moon.tsx
FN:1,SvgComponent
FNF:1
FNH:0
FNDA:0,SvgComponent
DA:1,1
DA:2,0
DA:3,0
DA:4,0
DA:5,0
DA:6,0
DA:7,0
DA:8,0
DA:9,0
DA:10,0
DA:11,0
DA:12,0
DA:13,1
DA:14,1
DA:15,1
LF:15
LH:4
BRF:0
BRH:0
end_of_record
TN:
SF:src\components\icons\resize.tsx
FN:1,SvgComponent
FNF:1
FNH:0
FNDA:0,SvgComponent
DA:1,1
DA:2,0
DA:3,0
DA:4,0
DA:5,0
DA:6,0
DA:7,0
DA:8,0
DA:9,0
DA:10,1
DA:11,1
DA:12,1
LF:12
LH:4
BRF:0
BRH:0
end_of_record
TN:
SF:src\components\icons\spinner.tsx
FN:3,spinner
FNF:1
FNH:0
FNDA:0,spinner
DA:1,1
DA:2,1
DA:3,0
DA:4,0
DA:5,0
DA:6,0
DA:7,0
DA:8,0
DA:9,0
DA:10,0
DA:11,0
DA:12,0
DA:13,0
DA:14,0
DA:15,0
DA:16,0
DA:17,0
DA:18,0
DA:19,0
DA:20,0
DA:21,0
DA:22,0
DA:23,0
DA:24,0
DA:25,0
DA:26,0
DA:27,0
DA:28,0
DA:29,0
DA:30,0
DA:31,0
DA:32,0
DA:33,0
DA:34,0
DA:35,0
DA:36,0
DA:37,0
DA:38,0
DA:39,0
DA:40,0
DA:41,0
DA:42,0
DA:43,0
DA:44,0
LF:44
LH:2
BRF:0
BRH:0
end_of_record
TN:
SF:src\components\icons\sun.tsx
FN:1,SvgComponent
FNF:1
FNH:0
FNDA:0,SvgComponent
DA:1,1
DA:2,0
DA:3,0
DA:4,0
DA:5,0
DA:6,0
DA:7,0
DA:8,0
DA:9,0
DA:10,0
DA:11,0
DA:12,0
DA:13,0
DA:14,1
DA:15,1
DA:16,1
LF:16
LH:4
BRF:0
BRH:0
end_of_record
TN:
SF:src\components\viewer\viewer.tsx
FN:142,ViewerContainer
FNF:1
FNH:0
FNDA:0,ViewerContainer
DA:1,1
DA:2,1
DA:3,1
DA:4,1
DA:5,1
DA:6,1
DA:7,1
DA:8,1
DA:9,1
DA:10,1
DA:11,1
DA:12,1
DA:13,1
DA:14,1
DA:15,1
DA:16,1
DA:17,1
DA:18,1
DA:19,1
DA:20,1
DA:21,1
DA:22,1
DA:23,1
DA:24,1
DA:25,1
DA:26,1
DA:27,1
DA:28,1
DA:29,1
DA:30,1
DA:31,1
DA:32,1
DA:33,1
DA:34,1
DA:35,7
DA:36,7
DA:37,7
DA:38,7
DA:39,7
DA:40,7
DA:41,7
DA:42,7
DA:43,7
DA:44,7
DA:45,7
DA:46,7
DA:47,7
DA:48,7
DA:49,7
DA:50,7
DA:51,7
DA:52,7
DA:53,7
DA:54,7
DA:55,7
DA:56,7
DA:57,7
DA:58,7
DA:59,7
DA:60,7
DA:61,7
DA:62,7
DA:63,7
DA:64,7
DA:65,7
DA:66,0
DA:67,7
DA:68,7
DA:69,7
DA:70,7
DA:71,7
DA:72,7
DA:73,7
DA:74,7
DA:75,7
DA:76,7
DA:77,7
DA:78,7
DA:79,7
DA:80,7
DA:81,7
DA:82,7
DA:83,7
DA:84,7
DA:85,7
DA:86,7
DA:87,7
DA:88,7
DA:89,7
DA:90,7
DA:91,7
DA:92,7
DA:93,7
DA:94,7
DA:95,7
DA:96,7
DA:97,7
DA:98,7
DA:99,7
DA:100,7
DA:101,7
DA:102,7
DA:103,7
DA:104,7
DA:105,7
DA:106,7
DA:107,7
DA:108,7
DA:109,7
DA:110,7
DA:111,7
DA:112,7
DA:113,7
DA:114,7
DA:115,7
DA:116,7
DA:117,7
DA:118,7
DA:119,7
DA:120,7
DA:121,7
DA:122,7
DA:123,7
DA:124,7
DA:125,7
DA:126,7
DA:127,7
DA:128,1
DA:129,0
DA:130,0
DA:131,0
DA:132,0
DA:133,0
DA:134,0
DA:135,0
DA:136,0
DA:137,0
DA:138,1
DA:139,1
DA:140,1
DA:141,1
DA:142,1
DA:143,0
DA:144,0
DA:145,0
DA:146,0
DA:147,0
DA:148,0
DA:149,0
DA:150,0
DA:151,0
DA:152,1
DA:153,1
LF:153
LH:134
BRDA:34,0,0,7
BRDA:107,1,0,1
BRDA:107,2,0,6
BRDA:118,3,0,1
BRDA:118,4,0,6
BRDA:47,5,0,7
BRDA:63,6,0,7
BRDA:72,7,0,7
BRDA:75,8,0,0
BRF:9
BRH:8
end_of_record
TN:
SF:src\effects\useKey.ts
FN:9,useKey
FNF:1
FNH:1
FNDA:7,useKey
DA:1,1
DA:2,1
DA:3,1
DA:4,1
DA:5,1
DA:6,1
DA:7,1
DA:8,1
DA:9,7
DA:10,7
DA:11,7
DA:12,7
DA:13,7
DA:14,7
DA:15,0
DA:16,0
DA:17,0
DA:18,0
DA:19,0
DA:20,0
DA:21,0
DA:22,0
DA:23,0
DA:24,0
DA:25,0
DA:26,0
DA:27,0
DA:28,0
DA:29,7
DA:30,7
DA:31,7
DA:32,7
DA:33,7
DA:34,7
DA:35,14
DA:36,7
DA:37,7
DA:38,7
DA:39,7
DA:40,14
DA:41,7
DA:42,7
DA:43,7
DA:44,7
DA:45,7
DA:46,7
DA:47,7
DA:48,7
DA:49,7
DA:50,7
DA:51,7
DA:52,7
DA:53,7
DA:54,7
DA:55,7
DA:56,7
LF:56
LH:42
BRDA:9,0,0,7
BRDA:34,1,0,14
BRDA:35,2,0,7
BRDA:45,3,0,7
BRDA:46,4,0,7
BRF:5
BRH:5
end_of_record
