TN:
SF:src\components\controls\button.tsx
FN:25,Button
FN:56,onClick
FNF:2
FNH:2
FNDA:6,Button
FNDA:1,onClick
DA:1,1
DA:2,1
DA:3,1
DA:4,1
DA:5,1
DA:6,1
DA:7,1
DA:8,1
DA:9,1
DA:10,1
DA:11,1
DA:12,1
DA:13,1
DA:14,1
DA:15,1
DA:16,1
DA:17,1
DA:18,1
DA:19,1
DA:20,1
DA:21,1
DA:22,1
DA:23,1
DA:24,1
DA:25,1
DA:26,6
DA:27,6
DA:28,6
DA:29,6
DA:30,6
DA:31,6
DA:32,6
DA:33,6
DA:34,6
DA:35,6
DA:36,6
DA:37,6
DA:38,6
DA:39,6
DA:40,6
DA:41,6
DA:42,6
DA:43,6
DA:44,6
DA:45,6
DA:46,6
DA:47,6
DA:48,6
DA:49,6
DA:50,6
DA:51,6
DA:52,6
DA:53,6
DA:54,6
DA:55,6
DA:56,6
DA:57,6
DA:58,6
DA:59,6
DA:60,6
DA:61,6
DA:62,6
DA:63,1
DA:64,1
LF:64
LH:64
BRDA:25,0,0,6
BRDA:36,1,0,6
BRDA:41,2,0,6
BRDA:43,3,0,0
BRDA:45,4,0,2
BRDA:45,5,0,1
BRDA:45,6,0,5
BRDA:46,7,0,1
BRDA:46,8,0,1
BRDA:46,9,0,5
BRDA:47,10,0,1
BRDA:47,11,0,5
BRDA:56,12,0,1
BRF:13
BRH:12
end_of_record
TN:
SF:src\components\icons\alert.tsx
FN:1,SvgComponent
FNF:1
FNH:1
FNDA:1,SvgComponent
DA:1,1
DA:2,1
DA:3,1
DA:4,1
DA:5,1
DA:6,1
DA:7,1
DA:8,1
DA:9,1
DA:10,1
DA:11,1
DA:12,1
DA:13,1
DA:14,1
LF:14
LH:14
BRDA:1,0,0,1
BRF:1
BRH:1
end_of_record
TN:
SF:src\components\icons\chevron-down.tsx
FN:1,SvgComponent
FNF:1
FNH:0
FNDA:0,SvgComponent
DA:1,1
DA:2,0
DA:3,0
DA:4,0
DA:5,0
DA:6,0
DA:7,0
DA:8,0
DA:9,0
DA:10,0
DA:11,0
DA:12,0
DA:13,1
DA:14,1
DA:15,1
LF:15
LH:4
BRF:0
BRH:0
end_of_record
TN:
SF:src\components\icons\chevron-left.tsx
FN:1,SvgComponent
FNF:1
FNH:1
FNDA:7,SvgComponent
DA:1,1
DA:2,7
DA:3,7
DA:4,7
DA:5,7
DA:6,7
DA:7,7
DA:8,7
DA:9,7
DA:10,7
DA:11,7
DA:12,1
DA:13,1
DA:14,1
LF:14
LH:14
BRDA:1,0,0,7
BRF:1
BRH:1
end_of_record
TN:
SF:src\components\icons\chevron-right.tsx
FN:1,SvgComponent
FNF:1
FNH:1
FNDA:7,SvgComponent
DA:1,1
DA:2,7
DA:3,7
DA:4,7
DA:5,7
DA:6,7
DA:7,7
DA:8,7
DA:9,7
DA:10,7
DA:11,7
DA:12,1
DA:13,1
DA:14,1
LF:14
LH:14
BRDA:1,0,0,7
BRF:1
BRH:1
end_of_record
TN:
SF:src\components\icons\chevron-up.tsx
FN:1,SvgComponent
FNF:1
FNH:0
FNDA:0,SvgComponent
DA:1,1
DA:2,0
DA:3,0
DA:4,0
DA:5,0
DA:6,0
DA:7,0
DA:8,0
DA:9,0
DA:10,0
DA:11,0
DA:12,1
DA:13,1
DA:14,1
LF:14
LH:4
BRF:0
BRH:0
end_of_record
TN:
SF:src\components\icons\close.tsx
FN:1,SvgComponent
FNF:1
FNH:1
FNDA:7,SvgComponent
DA:1,1
DA:2,7
DA:3,7
DA:4,7
DA:5,7
DA:6,7
DA:7,7
DA:8,7
DA:9,7
DA:10,7
DA:11,7
DA:12,1
DA:13,1
DA:14,1
LF:14
LH:14
BRDA:1,0,0,7
BRF:1
BRH:1
end_of_record
TN:
SF:src\components\icons\default-screen.tsx
FN:1,SvgComponent
FNF:1
FNH:0
FNDA:0,SvgComponent
DA:1,1
DA:2,0
DA:3,0
DA:4,0
DA:5,0
DA:6,0
DA:7,0
DA:8,0
DA:9,0
DA:10,0
DA:11,0
DA:12,0
DA:13,0
DA:14,1
DA:15,1
DA:16,1
LF:16
LH:4
BRF:0
BRH:0
end_of_record
TN:
SF:src\components\icons\full-screen.tsx
FN:1,SvgComponent
FNF:1
FNH:0
FNDA:0,SvgComponent
DA:1,1
DA:2,0
DA:3,0
DA:4,0
DA:5,0
DA:6,0
DA:7,0
DA:8,0
DA:9,0
DA:10,0
DA:11,0
DA:12,0
DA:13,1
DA:14,1
DA:15,1
LF:15
LH:4
BRF:0
BRH:0
end_of_record
TN:
SF:src\components\icons\index.ts
FNF:0
FNH:0
DA:1,1
DA:2,1
DA:3,1
DA:4,1
DA:5,1
DA:6,1
DA:7,1
DA:8,1
DA:9,1
DA:10,1
DA:11,1
DA:12,1
DA:13,1
DA:14,1
LF:14
LH:14
BRF:0
BRH:0
end_of_record
TN:
SF:src\components\icons\maximize.tsx
FN:1,SvgComponent
FNF:1
FNH:0
FNDA:0,SvgComponent
DA:1,1
DA:2,0
DA:3,0
DA:4,0
DA:5,0
DA:6,0
DA:7,0
DA:8,0
DA:9,0
DA:10,0
DA:11,0
DA:12,1
DA:13,1
DA:14,1
LF:14
LH:4
BRF:0
BRH:0
end_of_record
TN:
SF:src\components\icons\minimize.tsx
FN:1,SvgComponent
FNF:1
FNH:0
FNDA:0,SvgComponent
DA:1,1
DA:2,0
DA:3,0
DA:4,0
DA:5,0
DA:6,0
DA:7,0
DA:8,0
DA:9,0
DA:10,0
DA:11,0
DA:12,1
DA:13,1
DA:14,1
LF:14
LH:4
BRF:0
BRH:0
end_of_record
TN:
SF:src\components\icons\moon.tsx
FN:1,SvgComponent
FNF:1
FNH:0
FNDA:0,SvgComponent
DA:1,1
DA:2,0
DA:3,0
DA:4,0
DA:5,0
DA:6,0
DA:7,0
DA:8,0
DA:9,0
DA:10,0
DA:11,0
DA:12,0
DA:13,1
DA:14,1
DA:15,1
LF:15
LH:4
BRF:0
BRH:0
end_of_record
TN:
SF:src\components\icons\resize.tsx
FN:1,SvgComponent
FNF:1
FNH:0
FNDA:0,SvgComponent
DA:1,1
DA:2,0
DA:3,0
DA:4,0
DA:5,0
DA:6,0
DA:7,0
DA:8,0
DA:9,0
DA:10,1
DA:11,1
DA:12,1
LF:12
LH:4
BRF:0
BRH:0
end_of_record
TN:
SF:src\components\icons\spinner.tsx
FN:3,spinner
FNF:1
FNH:0
FNDA:0,spinner
DA:1,1
DA:2,1
DA:3,0
DA:4,0
DA:5,0
DA:6,0
DA:7,0
DA:8,0
DA:9,0
DA:10,0
DA:11,0
DA:12,0
DA:13,0
DA:14,0
DA:15,0
DA:16,0
DA:17,0
DA:18,0
DA:19,0
DA:20,0
DA:21,0
DA:22,0
DA:23,0
DA:24,0
DA:25,0
DA:26,0
DA:27,0
DA:28,0
DA:29,0
DA:30,0
DA:31,0
DA:32,0
DA:33,0
DA:34,0
DA:35,0
DA:36,0
DA:37,0
DA:38,0
DA:39,0
DA:40,0
DA:41,0
DA:42,0
DA:43,0
DA:44,0
LF:44
LH:2
BRF:0
BRH:0
end_of_record
TN:
SF:src\components\icons\sun.tsx
FN:1,SvgComponent
FNF:1
FNH:0
FNDA:0,SvgComponent
DA:1,1
DA:2,0
DA:3,0
DA:4,0
DA:5,0
DA:6,0
DA:7,0
DA:8,0
DA:9,0
DA:10,0
DA:11,0
DA:12,0
DA:13,0
DA:14,1
DA:15,1
DA:16,1
LF:16
LH:4
BRF:0
BRH:0
end_of_record
TN:
SF:src\components\image\image.tsx
FN:30,onLoaded
FN:31,onError
FN:66,onClick
FN:67,onKeyUp
FNF:4
FNH:4
FNDA:1,onLoaded
FNDA:1,onError
FNDA:1,onClick
FNDA:1,onKeyUp
DA:1,1
DA:2,1
DA:3,1
DA:4,1
DA:5,1
DA:6,1
DA:7,1
DA:8,1
DA:9,1
DA:10,1
DA:11,1
DA:12,1
DA:13,1
DA:14,1
DA:15,1
DA:16,1
DA:17,1
DA:18,1
DA:19,1
DA:20,1
DA:21,1
DA:22,1
DA:23,1
DA:24,1
DA:25,8
DA:26,8
DA:27,8
DA:28,8
DA:29,8
DA:30,8
DA:31,8
DA:32,8
DA:33,8
DA:34,8
DA:35,8
DA:36,8
DA:37,8
DA:38,8
DA:39,8
DA:40,8
DA:41,8
DA:42,2
DA:43,2
DA:44,2
DA:45,2
DA:46,2
DA:47,2
DA:48,0
DA:49,0
DA:50,2
DA:51,2
DA:52,2
DA:53,2
DA:54,2
DA:55,0
DA:56,0
DA:57,2
DA:58,2
DA:59,2
DA:60,8
DA:61,8
DA:62,8
DA:63,8
DA:64,8
DA:65,8
DA:66,8
DA:67,8
DA:68,8
DA:69,8
DA:70,8
DA:71,8
DA:72,8
DA:73,1
DA:74,1
DA:75,1
DA:76,7
DA:77,7
DA:78,7
DA:79,7
DA:80,7
DA:81,7
DA:82,7
DA:83,7
DA:84,8
DA:85,8
DA:86,8
DA:87,8
DA:88,1
DA:89,1
DA:90,1
DA:91,1
DA:92,1
DA:93,1
DA:94,1
LF:94
LH:90
BRDA:24,0,0,8
BRDA:72,1,0,1
BRDA:75,2,0,7
BRDA:30,3,0,1
BRDA:31,4,0,1
BRDA:35,5,0,7
BRDA:35,6,0,1
BRDA:35,7,0,6
BRDA:41,8,0,2
BRDA:47,9,0,0
BRDA:54,10,0,0
BRDA:54,11,0,0
BRDA:66,12,0,1
BRDA:67,13,0,1
BRF:14
BRH:11
end_of_record
TN:
SF:src\components\progress-bar\progress-bar.tsx
FN:11,ProgressBar
FNF:1
FNH:1
FNDA:5,ProgressBar
DA:1,1
DA:2,1
DA:3,1
DA:4,1
DA:5,1
DA:6,1
DA:7,1
DA:8,1
DA:9,1
DA:10,1
DA:11,1
DA:12,5
DA:13,5
DA:14,5
DA:15,5
DA:16,5
DA:17,5
DA:18,5
DA:19,10
DA:20,5
DA:21,5
DA:22,5
DA:23,5
DA:24,5
DA:25,5
DA:26,5
DA:27,5
DA:28,5
DA:29,5
DA:30,5
DA:31,0
DA:32,0
DA:33,0
DA:34,0
DA:35,0
DA:36,0
DA:37,0
DA:38,5
DA:39,5
DA:40,5
DA:41,5
DA:42,5
DA:43,5
DA:44,5
DA:45,5
DA:46,5
DA:47,5
DA:48,5
DA:49,5
DA:50,5
DA:51,5
DA:52,5
DA:53,5
DA:54,1
DA:55,1
LF:55
LH:48
BRDA:11,0,0,5
BRDA:18,1,0,10
BRDA:19,2,0,5
BRDA:24,3,0,5
BRDA:28,4,0,5
BRDA:30,5,0,0
BRF:6
BRH:5
end_of_record
TN:
SF:src\components\viewer\viewer.tsx
FN:142,ViewerContainer
FNF:1
FNH:0
FNDA:0,ViewerContainer
DA:1,1
DA:2,1
DA:3,1
DA:4,1
DA:5,1
DA:6,1
DA:7,1
DA:8,1
DA:9,1
DA:10,1
DA:11,1
DA:12,1
DA:13,1
DA:14,1
DA:15,1
DA:16,1
DA:17,1
DA:18,1
DA:19,1
DA:20,1
DA:21,1
DA:22,1
DA:23,1
DA:24,1
DA:25,1
DA:26,1
DA:27,1
DA:28,1
DA:29,1
DA:30,1
DA:31,1
DA:32,1
DA:33,1
DA:34,1
DA:35,7
DA:36,7
DA:37,7
DA:38,7
DA:39,7
DA:40,7
DA:41,7
DA:42,7
DA:43,7
DA:44,7
DA:45,7
DA:46,7
DA:47,7
DA:48,7
DA:49,7
DA:50,7
DA:51,7
DA:52,7
DA:53,7
DA:54,7
DA:55,7
DA:56,7
DA:57,7
DA:58,7
DA:59,7
DA:60,7
DA:61,7
DA:62,7
DA:63,7
DA:64,7
DA:65,7
DA:66,1
DA:67,7
DA:68,7
DA:69,7
DA:70,7
DA:71,7
DA:72,7
DA:73,7
DA:74,7
DA:75,7
DA:76,7
DA:77,7
DA:78,7
DA:79,7
DA:80,7
DA:81,7
DA:82,7
DA:83,7
DA:84,7
DA:85,7
DA:86,7
DA:87,7
DA:88,7
DA:89,7
DA:90,7
DA:91,7
DA:92,7
DA:93,7
DA:94,7
DA:95,7
DA:96,7
DA:97,7
DA:98,7
DA:99,7
DA:100,7
DA:101,7
DA:102,7
DA:103,7
DA:104,7
DA:105,7
DA:106,7
DA:107,7
DA:108,7
DA:109,7
DA:110,7
DA:111,7
DA:112,7
DA:113,7
DA:114,7
DA:115,7
DA:116,7
DA:117,7
DA:118,7
DA:119,7
DA:120,7
DA:121,7
DA:122,7
DA:123,7
DA:124,7
DA:125,7
DA:126,7
DA:127,7
DA:128,1
DA:129,0
DA:130,0
DA:131,0
DA:132,0
DA:133,0
DA:134,0
DA:135,0
DA:136,0
DA:137,0
DA:138,1
DA:139,1
DA:140,1
DA:141,1
DA:142,1
DA:143,0
DA:144,0
DA:145,0
DA:146,0
DA:147,0
DA:148,0
DA:149,0
DA:150,0
DA:151,0
DA:152,1
DA:153,1
LF:153
LH:135
BRDA:34,0,0,7
BRDA:107,1,0,1
BRDA:107,2,0,6
BRDA:118,3,0,1
BRDA:118,4,0,6
BRDA:47,5,0,7
BRDA:63,6,0,7
BRDA:65,7,0,1
BRDA:72,8,0,7
BRDA:75,9,0,0
BRF:10
BRH:9
end_of_record
TN:
SF:src\effects\useKey.ts
FN:9,useKey
FNF:1
FNH:1
FNDA:7,useKey
DA:1,1
DA:2,1
DA:3,1
DA:4,1
DA:5,1
DA:6,1
DA:7,1
DA:8,1
DA:9,7
DA:10,7
DA:11,7
DA:12,7
DA:13,0
DA:14,0
DA:15,0
DA:16,0
DA:17,0
DA:18,0
DA:19,0
DA:20,0
DA:21,0
DA:22,7
DA:23,7
DA:24,7
DA:25,14
DA:26,7
DA:27,7
DA:28,7
DA:29,7
DA:30,7
DA:31,7
DA:32,7
DA:33,7
DA:34,7
DA:35,7
DA:36,7
DA:37,7
DA:38,7
DA:39,7
DA:40,7
DA:41,7
DA:42,7
DA:43,7
DA:44,7
LF:44
LH:35
BRDA:9,0,0,7
BRDA:24,1,0,14
BRDA:25,2,0,7
BRDA:32,3,0,7
BRDA:33,4,0,7
BRF:5
BRH:5
end_of_record
TN:
SF:src\effects\useStyle.ts
FN:22,useStyle
FNF:1
FNH:1
FNDA:6,useStyle
DA:1,1
DA:2,1
DA:3,1
DA:4,1
DA:5,1
DA:6,1
DA:7,1
DA:8,1
DA:9,1
DA:10,1
DA:11,1
DA:12,1
DA:13,1
DA:14,1
DA:15,1
DA:16,1
DA:17,1
DA:18,1
DA:19,1
DA:20,1
DA:21,1
DA:22,1
DA:23,6
DA:24,6
DA:25,6
DA:26,6
DA:27,6
DA:28,6
DA:29,6
DA:30,6
DA:31,6
DA:32,6
DA:33,6
DA:34,6
DA:35,6
DA:36,6
DA:37,6
DA:38,6
DA:39,6
DA:40,6
DA:41,6
DA:42,4
DA:43,4
DA:44,4
DA:45,2
DA:46,2
DA:47,2
DA:48,2
DA:49,2
DA:50,6
DA:51,0
DA:52,0
DA:53,6
DA:54,6
DA:55,6
DA:56,6
DA:57,6
DA:58,6
DA:59,6
DA:60,6
DA:61,6
DA:62,6
DA:63,6
DA:64,6
DA:65,6
DA:66,6
DA:67,6
DA:68,6
DA:69,6
DA:70,6
DA:71,6
DA:72,6
DA:73,6
DA:74,6
DA:75,6
DA:76,6
DA:77,6
DA:78,6
DA:79,6
DA:80,6
DA:81,6
DA:82,6
DA:83,6
DA:84,6
DA:85,6
DA:86,6
DA:87,6
DA:88,2
DA:89,2
DA:90,2
DA:91,2
DA:92,2
DA:93,2
DA:94,2
DA:95,6
DA:96,6
DA:97,6
DA:98,6
DA:99,6
DA:100,6
DA:101,6
DA:102,6
DA:103,6
DA:104,6
DA:105,6
DA:106,6
DA:107,6
DA:108,6
DA:109,6
DA:110,6
DA:111,6
DA:112,6
DA:113,6
DA:114,6
LF:114
LH:112
BRDA:22,0,0,6
BRDA:35,1,0,6
BRDA:41,2,0,4
BRDA:44,3,0,2
BRDA:50,4,0,0
BRDA:56,5,0,6
BRDA:60,6,0,4
BRDA:60,7,0,2
BRDA:67,8,0,2
BRDA:67,9,0,4
BRDA:68,10,0,4
BRDA:68,11,0,2
BRDA:69,12,0,2
BRDA:69,13,0,4
BRDA:70,14,0,4
BRDA:70,15,0,2
BRDA:82,16,0,6
BRDA:85,17,0,0
BRDA:87,18,0,5
BRDA:87,19,0,2
BRDA:91,20,0,1
BRDA:91,21,0,1
BRDA:98,22,0,4
BRDA:98,23,0,2
BRF:24
BRH:22
end_of_record
TN:
SF:src\effects\useTheme.ts
FN:19,useTheme
FNF:1
FNH:1
FNDA:2,useTheme
DA:1,1
DA:2,1
DA:3,1
DA:4,1
DA:5,1
DA:6,1
DA:7,1
DA:8,1
DA:9,1
DA:10,1
DA:11,1
DA:12,1
DA:13,1
DA:14,1
DA:15,1
DA:16,1
DA:17,1
DA:18,1
DA:19,2
DA:20,2
DA:21,2
DA:22,2
DA:23,1
DA:24,1
DA:25,1
DA:26,1
DA:27,1
DA:28,1
DA:29,1
DA:30,1
DA:31,1
DA:32,1
DA:33,1
DA:34,1
DA:35,1
DA:36,1
DA:37,1
DA:38,1
DA:39,1
DA:40,1
DA:41,1
DA:42,1
DA:43,1
DA:44,1
DA:45,1
DA:46,1
DA:47,2
DA:48,2
LF:48
LH:48
BRDA:19,0,0,2
BRDA:20,1,0,2
BRDA:22,2,0,1
BRDA:22,3,0,1
BRDA:44,4,0,6
BRF:5
BRH:5
end_of_record
